d:\project\github\alice-engine\dbkkernel\x64\release\vc142.pdb
d:\project\github\alice-engine\dbkkernel\x64\release\vmxoffload.obj
d:\project\github\alice-engine\dbkkernel\x64\release\vmxhelper.obj
d:\project\github\alice-engine\dbkkernel\x64\release\apic.obj
d:\project\github\alice-engine\dbkkernel\x64\release\ultimap2.obj
d:\project\github\alice-engine\dbkkernel\x64\release\ultimap.obj
d:\project\github\alice-engine\dbkkernel\x64\release\threads.obj
d:\project\github\alice-engine\dbkkernel\x64\release\processlist.obj
d:\project\github\alice-engine\dbkkernel\x64\release\noexceptions.obj
d:\project\github\alice-engine\dbkkernel\x64\release\memscan.obj
d:\project\github\alice-engine\dbkkernel\x64\release\iopldispatcher.obj
d:\project\github\alice-engine\dbkkernel\x64\release\interrupthook.obj
d:\project\github\alice-engine\dbkkernel\x64\release\deepkernel.obj
d:\project\github\alice-engine\dbkkernel\x64\release\debugger.obj
d:\project\github\alice-engine\dbkkernel\x64\release\dbkfunc.obj
d:\project\github\alice-engine\dbkkernel\x64\release\dbkdrvr.obj
d:\project\github\alice-engine\dbkkernel\x64\release\sigcheck.obj
d:\project\github\alice-engine\cheat engine\bin\dbk64.sys
d:\project\github\alice-engine\cheat engine\bin\dbk64.pdb
d:\project\github\alice-engine\dbkkernel\x64\release\dbkfunca.obj
d:\project\github\alice-engine\dbkkernel\x64\release\debuggera.obj
d:\project\github\alice-engine\dbkkernel\x64\release\noexceptionsa.obj
d:\project\github\alice-engine\dbkkernel\x64\release\ultimapa.obj
d:\project\github\alice-engine\dbkkernel\x64\release\vmxhelpera.obj
d:\project\github\alice-engine\dbkkernel\x64\release\vmxoffloada.obj
d:\project\github\alice-engine\dbkkernel\x64\release\dbk64.inf
d:\project\github\alice-engine\dbkkernel\x64\release\dbkkernel.tlog\cl.command.1.tlog
d:\project\github\alice-engine\dbkkernel\x64\release\dbkkernel.tlog\cl.read.1.tlog
d:\project\github\alice-engine\dbkkernel\x64\release\dbkkernel.tlog\cl.write.1.tlog
d:\project\github\alice-engine\dbkkernel\x64\release\dbkkernel.tlog\inf2cat-expand.60404.read.1.tlog
d:\project\github\alice-engine\dbkkernel\x64\release\dbkkernel.tlog\inf2cat-expand.60404.write.1.tlog
d:\project\github\alice-engine\dbkkernel\x64\release\dbkkernel.tlog\inf2cat-expand.91356.read.1.tlog
d:\project\github\alice-engine\dbkkernel\x64\release\dbkkernel.tlog\inf2cat-expand.91356.write.1.tlog
d:\project\github\alice-engine\dbkkernel\x64\release\dbkkernel.tlog\inf2cat-expand.read.1.tlog
d:\project\github\alice-engine\dbkkernel\x64\release\dbkkernel.tlog\inf2cat-expand.write.1.tlog
d:\project\github\alice-engine\dbkkernel\x64\release\dbkkernel.tlog\inf2cat.command.1.tlog
d:\project\github\alice-engine\dbkkernel\x64\release\dbkkernel.tlog\inf2cat.read.1.tlog
d:\project\github\alice-engine\dbkkernel\x64\release\dbkkernel.tlog\inf2cat.write.1.tlog
d:\project\github\alice-engine\dbkkernel\x64\release\dbkkernel.tlog\link.command.1.tlog
d:\project\github\alice-engine\dbkkernel\x64\release\dbkkernel.tlog\link.read.1.tlog
d:\project\github\alice-engine\dbkkernel\x64\release\dbkkernel.tlog\link.write.1.tlog
d:\project\github\alice-engine\dbkkernel\x64\release\dbkkernel.tlog\masm.read.1u.tlog
d:\project\github\alice-engine\dbkkernel\x64\release\dbkkernel.tlog\masm.write.1u.tlog
d:\project\github\alice-engine\dbkkernel\x64\release\dbkkernel.tlog\signtool.command.1.tlog
d:\project\github\alice-engine\dbkkernel\x64\release\dbkkernel.tlog\signtool.read.1.tlog
d:\project\github\alice-engine\dbkkernel\x64\release\dbkkernel.tlog\signtool.timestamp.1.tlog
d:\project\github\alice-engine\dbkkernel\x64\release\dbkkernel.tlog\signtool.write.1.tlog
d:\project\github\alice-engine\dbkkernel\x64\release\dbkkernel.tlog\stampinf.command.1.tlog
d:\project\github\alice-engine\dbkkernel\x64\release\dbkkernel.tlog\stampinf.read.1.tlog
d:\project\github\alice-engine\dbkkernel\x64\release\dbkkernel.tlog\stampinf.write.1.tlog
