  Building 'DBKKernel' with toolset 'WindowsKernelModeDriver10.0' and the 'Desktop' target platform.
  Stamping x64\Release\DBK64.inf
  Stamping [Version] section with DriverVer=06/06/2024,13.39.13.277
D:\Project\Github\alice-engine\DBKKernel\DBK64.inf(5-5): warning 1324: [Version] section should specify PnpLockdown=1.
  Assembling amd64\dbkfunca.asm...
  Assembling amd64\debuggera.asm...
  Assembling amd64\noexceptionsa.asm...
  Assembling amd64\ultimapa.asm...
  Assembling amd64\vmxhelpera.asm...
  Assembling amd64\vmxoffloada.asm...
  DBKDrvr.c
  DBKFunc.c
  debugger.c
  deepkernel.c
  interruptHook.c
  IOPLDispatcher.c
  memscan.c
  noexceptions.c
  processlist.c
  threads.c
  ultimap.c
  ultimap2.c
  apic.c
  vmxhelper.c
  vmxoffload.c
  正在生成代码...
  sigcheck.c
  DBKKernel.vcxproj -> D:\Project\Github\alice-engine\Cheat Engine\bin\DBK64.sys
  Done Adding Additional Store
  Successfully signed: D:\Project\Github\alice-engine\Cheat Engine\bin\DBK64.sys
  
  .........................
  Signability test failed.
  
  Errors:
  22.9.1: aa64.sys in [drivers_dir] of DBKKernel\dbk64.inf is missing or cannot be decompressed from source media.  Please verify all path values specified in SourceDisksNames, SouceDisksFiles, and CopyFiles sections resolve to the actual location of the file, and are expressed in terms relative to the location of the inf.
  
  Warnings:
  None
x64\Release\inf2catOutput.log : Inf2Cat error -2: "Inf2Cat, signability test failed." Double click to see the tool output.
