  Building 'DBKKernel' with toolset 'WindowsKernelModeDriver10.0' and the 'Desktop' target platform.
  Stamping x64\Releasewithoutsig\DBK64.inf
  Stamping [Version] section with DriverVer=06/06/2024,13.42.9.966
D:\Project\Github\alice-engine\DBKKernel\DBK64.inf(5-5): warning 1324: [Version] section should specify PnpLockdown=1.
  Assembling amd64\dbkfunca.asm...
  Assembling amd64\debuggera.asm...
  Assembling amd64\noexceptionsa.asm...
  Assembling amd64\ultimapa.asm...
  Assembling amd64\vmxhelpera.asm...
  Assembling amd64\vmxoffloada.asm...
  DBKDrvr.c
  DBKFunc.c
  debugger.c
  deepkernel.c
  interruptHook.c
  IOPLDispatcher.c
  memscan.c
  noexceptions.c
  processlist.c
  threads.c
  ultimap.c
  ultimap2.c
  apic.c
  vmxhelper.c
  vmxoffload.c
  正在生成代码...
  DBKKernel.vcxproj -> D:\Project\Github\alice-engine\Cheat Engine\bin\aa64.sys
  
  The following certificates were considered:
      Issued to: *.akamaized.net
  
      Issued by: DO_NOT_TRUST_FiddlerRoot
  
      Expires:   Mon Nov 11 23:26:46 2024
  
      SHA1 hash: FE3E3A8BFA9BE01C5070E6B3C07482515A31CE6E
  
  
      Issued to: i.gtimg.cn
  
      Issued by: DO_NOT_TRUST_FiddlerRoot
  
      Expires:   Sat Nov 09 16:55:38 2024
  
      SHA1 hash: FC54627B5C4B5ABF9C15E929FCCC06BF28BEFCD5
  
  
      Issued to: *.sz-cooleasy.com
  
      Issued by: DO_NOT_TRUST_FiddlerRoot
  
      Expires:   Wed Nov 13 19:18:05 2024
  
      SHA1 hash: FA456C466D8C8C6D92AE99AB9D816AE6B96ADCA9
  
  
      Issued to: *.dsx.mp.microsoft.com
  
      Issued by: DO_NOT_TRUST_FiddlerRoot
  
      Expires:   Sat Nov 09 16:29:43 2024
  
      SHA1 hash: FA42C47D942720016BA8CB2CA0D3C43620C37DBF
  
  
      Issued to: *.windows.com
  
      Issued by: DO_NOT_TRUST_FiddlerRoot
  
      Expires:   Sat Nov 09 16:29:52 2024
  
      SHA1 hash: F9906D61F3137C4A0C36B60897A5026BC7ECA05E
  
  
      Issued to: g.csdnimg.cn
  
      Issued by: DO_NOT_TRUST_FiddlerRoot
  
      Expires:   Wed Nov 13 22:22:34 2024
  
      SHA1 hash: F8DC9D64DE51E5CCF9BB9F2CBE48D1155D8355E6
  
  
      Issued to: 149.154.175.56
  
      Issued by: DO_NOT_TRUST_FiddlerRoot
  
      Expires:   Fri Nov 15 01:46:13 2024
  
      SHA1 hash: F8B6024FD0E32FDCBD5B6B712E02FCEDF3D3EF35
  
  
      Issued to: *.qingjiaoclass.com
  
      Issued by: DO_NOT_TRUST_FiddlerRoot
  
      Expires:   Sat Nov 16 19:45:37 2024
  
      SHA1 hash: F3F839BBA83C340A28855DCAB4F6F7545B928AEA
  
  
      Issued to: *.bilivideo.com
  
      Issued by: DO_NOT_TRUST_FiddlerRoot
  
      Expires:   Fri Nov 15 03:13:41 2024
  
      SHA1 hash: F3A1774D91D978CC7585C4927220DB36406C8599
  
  
      Issued to: *.sogou.com
  
      Issued by: DO_NOT_TRUST_FiddlerRoot
  
      Expires:   Wed Nov 13 19:20:20 2024
  
      SHA1 hash: F3513A126000D83BCC0D6544E50588116B4F5B14
  
  
      Issued to: *.3g.qq.com
  
      Issued by: DO_NOT_TRUST_FiddlerRoot
  
      Expires:   Sat Nov 09 16:43:56 2024
  
      SHA1 hash: F27F6663083393DDEE43B3FD52D2900E0CCB32AA
  
  
      Issued to: Adobe Content Certificate 10-5
  
      Issued by: Adobe Intermediate CA 10-3
  
      Expires:   Mon Aug 18 21:18:42 2025
  
      SHA1 hash: F0BD97B4EC6CD8B71C35631738259CF9F2E54381
  
  
      Issued to: assets.msn.cn
  
      Issued by: DO_NOT_TRUST_FiddlerRoot
  
      Expires:   Mon Nov 11 23:26:45 2024
  
      SHA1 hash: EE8D5EEC466DE974259CD5913768371A5274D820
  
  
      Issued to: *.inf.miui.com
  
      Issued by: DO_NOT_TRUST_FiddlerRoot
  
      Expires:   Wed Nov 13 19:12:43 2024
  
      SHA1 hash: EE39D36DD6910953B317B0F888373A8F06B3A21D
  
  
      Issued to: *.cn.mm.bing.net
  
      Issued by: DO_NOT_TRUST_FiddlerRoot
  
      Expires:   Wed Nov 13 22:22:27 2024
  
      SHA1 hash: EE2AA71BF541AD0819A0FC28A4ECBFDB1FB8D4C2
  
  
      Issued to: *.weixinbridge.com
  
      Issued by: DO_NOT_TRUST_FiddlerRoot
  
      Expires:   Fri Nov 15 01:45:59 2024
  
      SHA1 hash: EDFF6944B1AACF9A50A8F7D8929C6DB6441A3E28
  
  
      Issued to: ws-control.region-bj02.qingjiao.link
  
      Issued by: DO_NOT_TRUST_FiddlerRoot
  
      Expires:   Sat Nov 16 19:46:04 2024
  
      SHA1 hash: ED63FA7644F953EE54FE4B3198F0E475B9CC376B
  
  
      Issued to: *.msg.xiaomi.net
  
      Issued by: DO_NOT_TRUST_FiddlerRoot
  
      Expires:   Wed Nov 13 19:13:05 2024
  
      SHA1 hash: EC4BA39C7263E4201CF5D07AF487030666D07E38
  
  
      Issued to: *.wx.qq.com
  
      Issued by: DO_NOT_TRUST_FiddlerRoot
  
      Expires:   Wed Nov 13 19:16:13 2024
  
      SHA1 hash: EC06C14585E335D683F5D551C86C284059337E3B
  
  
      Issued to: *.pipe.aria.microsoft.com
  
      Issued by: DO_NOT_TRUST_FiddlerRoot
  
      Expires:   Sat Nov 09 16:39:04 2024
  
      SHA1 hash: EBF40A8827BD4DD9D87EBE9357C8EA96E63AE261
  
  
      Issued to: *.sms.miui.com
  
      Issued by: DO_NOT_TRUST_FiddlerRoot
  
      Expires:   Tue Dec 17 00:19:38 2024
  
      SHA1 hash: EA59DC94B341DA19B1E7B264BF823B37A02A0357
  
  
      Issued to: cdn-go.cn
  
      Issued by: DO_NOT_TRUST_FiddlerRoot
  
      Expires:   Sat Nov 09 16:55:36 2024
  
      SHA1 hash: EA54C05C4EC8D77E89AEF1D8923064CEA1CB5A09
  
  
      Issued to: *.m.taobao.com
  
      Issued by: DO_NOT_TRUST_FiddlerRoot
  
      Expires:   Sat Nov 09 16:35:12 2024
  
      SHA1 hash: E9A690260DEE431A2E756255C90A685715DB7E8B
  
  
      Issued to: *.bingapis.com
  
      Issued by: DO_NOT_TRUST_FiddlerRoot
  
      Expires:   Wed Nov 13 22:20:29 2024
  
      SHA1 hash: E9379BD2A652417E1E7FFD27424C44754E050C60
  
  
      Issued to: csdnimg.cn
  
      Issued by: DO_NOT_TRUST_FiddlerRoot
  
      Expires:   Wed Nov 13 22:22:34 2024
  
      SHA1 hash: E8998F68C56DC082D9DC305CE52658615E7C564D
  
  
      Issued to: wxac1.dcloud.net.cn
  
      Issued by: DO_NOT_TRUST_FiddlerRoot
  
      Expires:   Thu Dec 12 05:43:56 2024
  
      SHA1 hash: E85D4935ADEC11B2AD64CE02F9B92F9B2191D385
  
  
      Issued to: *.woozooo.com
  
      Issued by: DO_NOT_TRUST_FiddlerRoot
  
      Expires:   Thu Dec 12 05:48:45 2024
  
      SHA1 hash: E679C450F4962DF0D0A2DC3CE7C3DE731AF5B395
  
  
      Issued to: wx.qlogo.cn
  
      Issued by: DO_NOT_TRUST_FiddlerRoot
  
      Expires:   Wed Nov 13 19:17:25 2024
  
      SHA1 hash: E62DE9D00B8ED95CF629746321ACDBAA329D28C7
  
  
      Issued to: 149.154.175.100
  
      Issued by: DO_NOT_TRUST_FiddlerRoot
  
      Expires:   Fri Nov 15 01:45:56 2024
  
      SHA1 hash: E5DD11F01ED24E6FA3EA92CAD08165BCC6F03A8C
  
  
      Issued to: 183.47.122.25
  
      Issued by: DO_NOT_TRUST_FiddlerRoot
  
      Expires:   Fri Nov 15 03:06:10 2024
  
      SHA1 hash: E459E0A327A51587FC165F6BEE30485799C51AD7
  
  
      Issued to: *.immersivetranslate.com
  
      Issued by: DO_NOT_TRUST_FiddlerRoot
  
      Expires:   Fri Nov 15 02:56:50 2024
  
      SHA1 hash: E20280C64F9B1BEA36F960EAF0A435FEE1BD7C96
  
  
      Issued to: h.app.coc.10086.cn
  
      Issued by: DO_NOT_TRUST_FiddlerRoot
  
      Expires:   Sat Nov 09 16:57:53 2024
  
      SHA1 hash: E10DE9D0745C876E4233E36CAB0BF3D6CD1C9C36
  
  
      Issued to: *.greasyfork.org
  
      Issued by: DO_NOT_TRUST_FiddlerRoot
  
      Expires:   Fri Nov 15 01:48:42 2024
  
      SHA1 hash: E02973CC1C54CA2F44268600EE0D62BD958EE2DC
  
  
      Issued to: *.market.xiaomi.com
  
      Issued by: DO_NOT_TRUST_FiddlerRoot
  
      Expires:   Sat Nov 09 16:53:07 2024
  
      SHA1 hash: E015CD366AF1E6C8CBC17BD0F5427EF3DE28E668
  
  
      Issued to: *.avlyun.sec.miui.com
  
      Issued by: DO_NOT_TRUST_FiddlerRoot
  
      Expires:   Sat Nov 09 16:57:52 2024
  
      SHA1 hash: DFD158B1FB5BB8F96926B9C0993F91680F62D5E2
  
  
      Issued to: *.pc.qq.com
  
      Issued by: DO_NOT_TRUST_FiddlerRoot
  
      Expires:   Sat Nov 09 16:48:55 2024
  
      SHA1 hash: DF8099C1F7EA0B29A6027F440381B35C90B16B7F
  
  
      Issued to: api.region-bj02.qingjiao.link
  
      Issued by: DO_NOT_TRUST_FiddlerRoot
  
      Expires:   Sat Nov 16 19:43:37 2024
  
      SHA1 hash: DEE041D6A73CABE5B44DAA5DBDA14D302B2DBBA2
  
  
      Issued to: *.vc.bilibili.com
  
      Issued by: DO_NOT_TRUST_FiddlerRoot
  
      Expires:   Sun Nov 10 22:25:30 2024
  
      SHA1 hash: DE5A566A2106B02A9264C4778B6806444BF3A0A6
  
  
      Issued to: *.access-point.cloudmessaging.edge.microsoft.com
  
      Issued by: DO_NOT_TRUST_FiddlerRoot
  
      Expires:   Wed Nov 13 22:11:40 2024
  
      SHA1 hash: DE3ADA4951A8DC39C6B8BBF5D84C52BE3025DEB0
  
  
      Issued to: o1224273.ingest.sentry.io
  
      Issued by: DO_NOT_TRUST_FiddlerRoot
  
      Expires:   Mon Nov 11 23:26:55 2024
  
      SHA1 hash: DD5A6F6B35922618B176E4EA8AA8AD1F5A3029F4
  
  
      Issued to: github.com
  
      Issued by: DO_NOT_TRUST_FiddlerRoot
  
      Expires:   Fri Nov 15 03:14:15 2024
  
      SHA1 hash: DD075E8C39472518780F574BABFB825C6DA92983
  
  
      Issued to: *.zhihu.com
  
      Issued by: DO_NOT_TRUST_FiddlerRoot
  
      Expires:   Sat Nov 09 16:42:35 2024
  
      SHA1 hash: DCD54B8EE447C6EBF0AEEF65AA96DC0E88DFCE02
  
  
      Issued to: *.google.com
  
      Issued by: DO_NOT_TRUST_FiddlerRoot
  
      Expires:   Sun Nov 10 22:28:51 2024
  
      SHA1 hash: DC4D4011A4A95256AB6D14CE19E3006D33D98E90
  
  
      Issued to: greasyfork.org
  
      Issued by: DO_NOT_TRUST_FiddlerRoot
  
      Expires:   Fri Nov 15 01:48:42 2024
  
      SHA1 hash: DB3AA800D5D4F94BB1D0CCE65E64E653B4976140
  
  
      Issued to: *.gdt.qq.com
  
      Issued by: DO_NOT_TRUST_FiddlerRoot
  
      Expires:   Sat Nov 09 16:43:47 2024
  
      SHA1 hash: DAEEE9A28AE133ED1E1351EE4F37559BB3334E08
  
  
      Issued to: *.msedge.net
  
      Issued by: DO_NOT_TRUST_FiddlerRoot
  
      Expires:   Fri Nov 15 03:26:23 2024
  
      SHA1 hash: DA404065F64CBFB82EE1B696B6A96507A28CB1FD
  
  
      Issued to: *.weiyun.com
  
      Issued by: DO_NOT_TRUST_FiddlerRoot
  
      Expires:   Sat Nov 09 16:55:35 2024
  
      SHA1 hash: DA0A4D56905DA1B0072163B70F8477AF030BEA47
  
  
      Issued to: *.lanzouc.com
  
      Issued by: DO_NOT_TRUST_FiddlerRoot
  
      Expires:   Thu Dec 12 05:44:38 2024
  
      SHA1 hash: D9F80700885B5A660861437DB0695F42850D0638
  
  
      Issued to: 149.154.167.92
  
      Issued by: DO_NOT_TRUST_FiddlerRoot
  
      Expires:   Fri Nov 15 01:45:57 2024
  
      SHA1 hash: D9D54E3298F2DBE8474A854A0AEA5A1CE497ABC3
  
  
      Issued to: *.d.xiaomi.net
  
      Issued by: DO_NOT_TRUST_FiddlerRoot
  
      Expires:   Sat Nov 09 16:35:03 2024
  
      SHA1 hash: D8B68D9585883BBC9FC2EE3248829B213F2D25BC
  
  
      Issued to: *.gvt2.com
  
      Issued by: DO_NOT_TRUST_FiddlerRoot
  
      Expires:   Thu Dec 12 05:42:15 2024
  
      SHA1 hash: D7BB3942AA1325A93BA8E6C245FF440540FA821F
  
  
      Issued to: *.code.visualstudio.com
  
      Issued by: DO_NOT_TRUST_FiddlerRoot
  
      Expires:   Wed Nov 13 22:26:19 2024
  
      SHA1 hash: D509A87F3741844D1ED8AD36ECF60A0772B242D1
  
  
      Issued to: api.msn.cn
  
      Issued by: DO_NOT_TRUST_FiddlerRoot
  
      Expires:   Mon Nov 11 23:28:45 2024
  
      SHA1 hash: D4ABBB108D55921B1F9FB3CCA3C8E75A1E923428
  
  
      Issued to: Adobe Intermediate CA 10-3
  
      Issued by: Adobe Root CA 10-3
  
      Expires:   Sun Aug 05 01:37:58 2068
  
      SHA1 hash: D1DF7F06B769BCCB3F4479041EC1F06E9CD3CB1A
  
  
      Issued to: er.dcloud.net.cn
  
      Issued by: DO_NOT_TRUST_FiddlerRoot
  
      Expires:   Thu Dec 12 05:43:56 2024
  
      SHA1 hash: D06EF2AE311FB8A6EE64F4CF97C997A61E9F018A
  
  
      Issued to: *.events.data.microsoft.com
  
      Issued by: DO_NOT_TRUST_FiddlerRoot
  
      Expires:   Sun Nov 10 22:29:24 2024
  
      SHA1 hash: CEB93450D16B72EEF18C1D4DAF3EBD00128135E1
  
  
      Issued to: img-blog.csdnimg.cn
  
      Issued by: DO_NOT_TRUST_FiddlerRoot
  
      Expires:   Wed Nov 13 22:22:35 2024
  
      SHA1 hash: CE5DAA46E7BD0CAE0FE5728B689CE20A0C835C78
  
  
      Issued to: WDKTestCert tiramisu,133621257030491852
  
      Issued by: WDKTestCert tiramisu,133621257030491852
  
      Expires:   Tue Jun 06 08:00:00 2034
  
      SHA1 hash: CE236A3A0693CEC5C545B20164A4B816E71C6DC4
  
  
      Issued to: *.sec.miui.com
  
      Issued by: DO_NOT_TRUST_FiddlerRoot
  
      Expires:   Sat Nov 09 16:35:17 2024
  
      SHA1 hash: CDFDA1835D278FCECE30EB721AE7A2FC9D109AD1
  
  
      Issued to: vitejs.dev
  
      Issued by: DO_NOT_TRUST_FiddlerRoot
  
      Expires:   Wed Nov 13 22:33:57 2024
  
      SHA1 hash: CCAFD999B193C1115CA8AB5078F96BFB863779AA
  
  
      Issued to: *.bankofchina.com
  
      Issued by: DO_NOT_TRUST_FiddlerRoot
  
      Expires:   Mon Nov 11 23:24:21 2024
  
      SHA1 hash: CC5B1603EB01CA7BEED78C30D6952A7A02349F20
  
  
      Issued to: *.vemarsdev.com
  
      Issued by: DO_NOT_TRUST_FiddlerRoot
  
      Expires:   Sat Nov 09 16:42:35 2024
  
      SHA1 hash: CB65FDD7E43BA16ECFE11D8EBAD9EF303639444F
  
  
      Issued to: *.getpostman.com
  
      Issued by: DO_NOT_TRUST_FiddlerRoot
  
      Expires:   Mon Nov 11 23:26:53 2024
  
      SHA1 hash: CA6C71E76DB0F03C2233A17C21B05FE3B8008800
  
  
      Issued to: *.postman.com
  
      Issued by: DO_NOT_TRUST_FiddlerRoot
  
      Expires:   Mon Nov 11 23:26:54 2024
  
      SHA1 hash: C928CCF7B048035A3CC45F522F3FACF513876F49
  
  
      Issued to: 149.154.175.50
  
      Issued by: DO_NOT_TRUST_FiddlerRoot
  
      Expires:   Fri Nov 15 01:46:13 2024
  
      SHA1 hash: C90E8E0EC29AD5A5C57C9DF7E012F66C639368AD
  
  
      Issued to: *.zhimg.com
  
      Issued by: DO_NOT_TRUST_FiddlerRoot
  
      Expires:   Fri Nov 15 03:11:47 2024
  
      SHA1 hash: C87EE559589CCE23390184A65B6D8C3BA7AB5195
  
  
      Issued to: *.osi.office.net
  
      Issued by: DO_NOT_TRUST_FiddlerRoot
  
      Expires:   Sun Nov 10 22:32:36 2024
  
      SHA1 hash: C851E121A0B66443EF6C70BB5029D8A4301FE967
  
  
      Issued to: 111.13.142.153
  
      Issued by: DO_NOT_TRUST_FiddlerRoot
  
      Expires:   Wed Nov 13 19:13:05 2024
  
      SHA1 hash: C25AE9B0A191B74C09AC22C650F4BAF25D6AB39F
  
  
      Issued to: 149.154.167.41
  
      Issued by: DO_NOT_TRUST_FiddlerRoot
  
      Expires:   Fri Nov 15 01:46:21 2024
  
      SHA1 hash: C2479FF08DC74A9D69FCFF7BE1E1FD88B2584AB6
  
  
      Issued to: *.miui.com
  
      Issued by: DO_NOT_TRUST_FiddlerRoot
  
      Expires:   Wed Nov 13 19:13:10 2024
  
      SHA1 hash: C1F031DBB8D74B68DDDB52937C828E2FB91F4090
  
  
      Issued to: servicewechat.com
  
      Issued by: DO_NOT_TRUST_FiddlerRoot
  
      Expires:   Wed Nov 13 19:17:37 2024
  
      SHA1 hash: C1D7E757457CCFB3B735294CF70D2FEA84D5F747
  
  
      Issued to: *.126.net
  
      Issued by: DO_NOT_TRUST_FiddlerRoot
  
      Expires:   Fri Nov 15 03:11:49 2024
  
      SHA1 hash: C02A1E2F953F6329A417C6EB147F401D1B27A6E0
  
  
      Issued to: Adobe Intermediate CA 10-4
  
      Issued by: Adobe Root CA 10-3
  
      Expires:   Sun Aug 05 01:37:59 2068
  
      SHA1 hash: BF89E52F8D681360E6B84941BD2F9BC0093309F6
  
  
      Issued to: ntp.msn.cn
  
      Issued by: DO_NOT_TRUST_FiddlerRoot
  
      Expires:   Mon Nov 11 23:28:44 2024
  
      SHA1 hash: BF5C471F977C268F1A4595402A4EBEADE4A75D4E
  
  
      Issued to: *.prod.do.dsp.mp.microsoft.com
  
      Issued by: DO_NOT_TRUST_FiddlerRoot
  
      Expires:   Wed Nov 13 22:17:51 2024
  
      SHA1 hash: BEE26677F09919059FD3EB19A32B7F5141716717
  
  
      Issued to: *.trace.qq.com
  
      Issued by: DO_NOT_TRUST_FiddlerRoot
  
      Expires:   Wed Nov 13 22:32:29 2024
  
      SHA1 hash: BD4C957A6EF7CFA2E969E113B3F4BC1C6088D19B
  
  
      Issued to: *.market.mi-img.com
  
      Issued by: DO_NOT_TRUST_FiddlerRoot
  
      Expires:   Sat Nov 09 16:35:22 2024
  
      SHA1 hash: BD33F14FF549D74EEB4A2AF6D9982E4B4C979DD0
  
  
      Issued to: *.qualcomm.com
  
      Issued by: DO_NOT_TRUST_FiddlerRoot
  
      Expires:   Thu Dec 12 05:45:39 2024
  
      SHA1 hash: BBEA9E3439774A711A2396595F8C6886179B5B05
  
  
      Issued to: *.dun.163.com
  
      Issued by: DO_NOT_TRUST_FiddlerRoot
  
      Expires:   Fri Nov 15 03:11:50 2024
  
      SHA1 hash: BBB7F3B7FD920E783E9CF14A40A8ABD217F8F811
  
  
      Issued to: *.wpsmail.net
  
      Issued by: DO_NOT_TRUST_FiddlerRoot
  
      Expires:   Sat Nov 09 16:48:42 2024
  
      SHA1 hash: BB5D8528A5D9B647758262D3502D2E24F6B943FB
  
  
      Issued to: *.imtt.qq.com
  
      Issued by: DO_NOT_TRUST_FiddlerRoot
  
      Expires:   Sat Nov 09 16:43:54 2024
  
      SHA1 hash: BB54427BEBC0E8A80040552472FF22E81F9383FD
  
  
      Issued to: 14.116.242.216
  
      Issued by: DO_NOT_TRUST_FiddlerRoot
  
      Expires:   Fri Nov 15 03:06:15 2024
  
      SHA1 hash: B6B56130BBA8689BCB441DC0E2632E59B19417C9
  
  
      Issued to: pathcf.prod.xtracloud.cn
  
      Issued by: DO_NOT_TRUST_FiddlerRoot
  
      Expires:   Thu Dec 12 05:45:40 2024
  
      SHA1 hash: B523383BB193024AF739449FF1E9DE3044D95259
  
  
      Issued to: profile-avatar.csdnimg.cn
  
      Issued by: DO_NOT_TRUST_FiddlerRoot
  
      Expires:   Wed Nov 13 22:22:35 2024
  
      SHA1 hash: B1E0ACFB9B0F6E3AB3BC6359BD24E918FA4B867F
  
  
      Issued to: dx.10086.cn
  
      Issued by: DO_NOT_TRUST_FiddlerRoot
  
      Expires:   Sat Nov 09 16:57:52 2024
  
      SHA1 hash: B156708E177E5CEAE652EB3F933F2C454B90D539
  
  
      Issued to: yumao.puata.info
  
      Issued by: DO_NOT_TRUST_FiddlerRoot
  
      Expires:   Tue Dec 17 00:19:53 2024
  
      SHA1 hash: AF4F63C67312E5790E9BE395F60E7812BCF833D2
  
  
      Issued to: 119.147.19.76
  
      Issued by: DO_NOT_TRUST_FiddlerRoot
  
      Expires:   Fri Nov 15 03:06:05 2024
  
      SHA1 hash: ADE6D48BA473DFBC78FA4975A0E5225E9FE6B141
  
  
      Issued to: *.qq.com
  
      Issued by: DO_NOT_TRUST_FiddlerRoot
  
      Expires:   Sat Nov 09 16:43:47 2024
  
      SHA1 hash: AD2B75D858F904A926DCD78D5852EBBF5A0615C3
  
  
      Issued to: *.servicewechat.com
  
      Issued by: DO_NOT_TRUST_FiddlerRoot
  
      Expires:   Wed Nov 13 19:18:04 2024
  
      SHA1 hash: AB000B544B286084D8385B856DE4A2400F7382D7
  
  
      Issued to: *.exp-tas.com
  
      Issued by: DO_NOT_TRUST_FiddlerRoot
  
      Expires:   Wed Nov 13 22:26:19 2024
  
      SHA1 hash: A8FF1132F20033DB93591463CA4CFE63F4376526
  
  
      Issued to: outlook.cloud.microsoft
  
      Issued by: DO_NOT_TRUST_FiddlerRoot
  
      Expires:   Fri Nov 15 03:26:28 2024
  
      SHA1 hash: A7321DA7B07DAE817B39F97EE90AF61A890B3DE0
  
  
      Issued to: *.microsoft.com
  
      Issued by: DO_NOT_TRUST_FiddlerRoot
  
      Expires:   Sun Nov 10 22:28:30 2024
  
      SHA1 hash: A6FAC0602B3EDC50BAAC3B73ACBE0363CD1E05B2
  
  
      Issued to: *.tencent.com
  
      Issued by: DO_NOT_TRUST_FiddlerRoot
  
      Expires:   Sat Nov 09 16:44:03 2024
  
      SHA1 hash: A6B7FFD53917BA4077DE0B0F418C2B2668FA0FB3
  
  
      Issued to: *.wns.windows.com
  
      Issued by: DO_NOT_TRUST_FiddlerRoot
  
      Expires:   Wed Nov 13 22:11:19 2024
  
      SHA1 hash: A65A4BA584311726CAAA2BBE8255A9841F6F80E4
  
  
      Issued to: ws-qingjiao.region-message-bj01.qingjiao.link
  
      Issued by: DO_NOT_TRUST_FiddlerRoot
  
      Expires:   Sat Nov 16 19:46:04 2024
  
      SHA1 hash: A5DBA19D57DC22D41012942F6A8A00C544C1393D
  
  
      Issued to: Adobe Intermediate CA 10-15
  
      Issued by: Adobe Root CA 10-3
  
      Expires:   Sun Aug 05 01:38:15 2068
  
      SHA1 hash: A5C8D928986EC17FCC7D5F2353885D1709B73A29
  
  
      Issued to: *.gdtimg.com
  
      Issued by: DO_NOT_TRUST_FiddlerRoot
  
      Expires:   Sat Nov 09 16:55:39 2024
  
      SHA1 hash: A58FF14FCD8212FB1D1647791216340C00AA9CC2
  
  
      Issued to: 111.202.1.252
  
      Issued by: DO_NOT_TRUST_FiddlerRoot
  
      Expires:   Wed Nov 13 19:13:06 2024
  
      SHA1 hash: A585CB9A3FC62534B26CB56ED15C4996A80CAECA
  
  
      Issued to: *.bdstatic.com
  
      Issued by: DO_NOT_TRUST_FiddlerRoot
  
      Expires:   Sun Nov 10 22:25:10 2024
  
      SHA1 hash: A54BA57D66180724329D391B4B1ED35299A4D31F
  
  
      Issued to: *.githubassets.com
  
      Issued by: DO_NOT_TRUST_FiddlerRoot
  
      Expires:   Fri Nov 15 03:14:17 2024
  
      SHA1 hash: A4E7D0B67491B9C30508BE084DA355074F716412
  
  
      Issued to: mmbiz.qpic.cn
  
      Issued by: DO_NOT_TRUST_FiddlerRoot
  
      Expires:   Sat Nov 09 16:47:38 2024
  
      SHA1 hash: A3A86D65AB0D7F1570FEBED438C0D561B5F2260C
  
  
      Issued to: *.chat.bilibili.com
  
      Issued by: DO_NOT_TRUST_FiddlerRoot
  
      Expires:   Fri Nov 15 03:13:42 2024
  
      SHA1 hash: A2F2AD7401EE9237AD63BE6D51C396D32EB4C65B
  
  
      Issued to: browser.events.data.msn.cn
  
      Issued by: DO_NOT_TRUST_FiddlerRoot
  
      Expires:   Mon Nov 11 23:26:46 2024
  
      SHA1 hash: A14717D1E74C988D718F2FBA7DE77525D8FD7621
  
  
      Issued to: *.browser.miui.com
  
      Issued by: DO_NOT_TRUST_FiddlerRoot
  
      Expires:   Sat Nov 09 16:34:37 2024
  
      SHA1 hash: A025A7E9BD0F393E02FC328080D4C966F0C3FCE4
  
  
      Issued to: *.rmb.bdstatic.com
  
      Issued by: DO_NOT_TRUST_FiddlerRoot
  
      Expires:   Wed Nov 13 19:13:04 2024
  
      SHA1 hash: 9FC4AAAA45373E1AB2E0BE1EDF007517481E5598
  
  
      Issued to: api.beingfine.cn
  
      Issued by: DO_NOT_TRUST_FiddlerRoot
  
      Expires:   Tue Dec 17 00:19:50 2024
  
      SHA1 hash: 9DE30E8A00F836DF9ABB26F4851EC29786C6493A
  
  
      Issued to: *.byteacctimg.com
  
      Issued by: DO_NOT_TRUST_FiddlerRoot
  
      Expires:   Fri Nov 15 03:29:34 2024
  
      SHA1 hash: 9D7273ABFBD7A01F0E303ECB5E7E1A567FFE05CF
  
  
      Issued to: *.cn.bing.net
  
      Issued by: DO_NOT_TRUST_FiddlerRoot
  
      Expires:   Fri Nov 15 03:04:23 2024
  
      SHA1 hash: 9C99FE4E66BD3883FC690514E8B37E52F6FA026A
  
  
      Issued to: *.bing.com
  
      Issued by: DO_NOT_TRUST_FiddlerRoot
  
      Expires:   Sun Nov 10 22:30:09 2024
  
      SHA1 hash: 9C4D9C3BBCEA661DD7527624EE64AD65400060D5
  
  
      Issued to: *.hdslb.com
  
      Issued by: DO_NOT_TRUST_FiddlerRoot
  
      Expires:   Sun Nov 10 22:26:18 2024
  
      SHA1 hash: 9AE97E8BE3E4DE262412745DCBA93C5374051758
  
  
      Issued to: dl.pstmn.io
  
      Issued by: DO_NOT_TRUST_FiddlerRoot
  
      Expires:   Mon Nov 11 23:27:06 2024
  
      SHA1 hash: 9ABC774E60920E180A6F6B386ADAC75911041EBC
  
  
      Issued to: *.officeapps.live.com
  
      Issued by: DO_NOT_TRUST_FiddlerRoot
  
      Expires:   Wed Nov 13 19:23:03 2024
  
      SHA1 hash: 99DE39938268709942B3F53ADF6A650E955CE6D1
  
  
      Issued to: c.msn.cn
  
      Issued by: DO_NOT_TRUST_FiddlerRoot
  
      Expires:   Mon Nov 11 23:26:46 2024
  
      SHA1 hash: 994FFEFF9F7ABBA63FC4D74D5778C710423003F6
  
  
      Issued to: *.cloudfront.net
  
      Issued by: DO_NOT_TRUST_FiddlerRoot
  
      Expires:   Wed Nov 13 22:23:28 2024
  
      SHA1 hash: 97E6088DDA0AE56D9D0B8BE5A2643BAC482A6DF4
  
  
      Issued to: *.ax1x.com
  
      Issued by: DO_NOT_TRUST_FiddlerRoot
  
      Expires:   Wed Nov 13 22:33:58 2024
  
      SHA1 hash: 95B4A7DDD108B4A55D88D4C6BE94FC17DCED6421
  
  
      Issued to: *.rom.miui.com
  
      Issued by: DO_NOT_TRUST_FiddlerRoot
  
      Expires:   Wed Nov 13 19:12:41 2024
  
      SHA1 hash: 94219A8D77391D8CB65B1468045DFC38927DE083
  
  
      Issued to: 101.227.132.78
  
      Issued by: DO_NOT_TRUST_FiddlerRoot
  
      Expires:   Sat Nov 09 16:47:34 2024
  
      SHA1 hash: 93CAA37430FFE6E084A929EA2A1854745FD4A691
  
  
      Issued to: *.cognitive.microsofttranslator.com
  
      Issued by: DO_NOT_TRUST_FiddlerRoot
  
      Expires:   Wed Nov 13 22:12:36 2024
  
      SHA1 hash: 93618293AF83CB417E3BDB7D5B30DFFF83CF320A
  
  
      Issued to: *.static.browser.mi-img.com
  
      Issued by: DO_NOT_TRUST_FiddlerRoot
  
      Expires:   Wed Nov 13 19:13:06 2024
  
      SHA1 hash: 930769E47E7621A0D0CC5CC135D9AA9A9700C5EC
  
  
      Issued to: 183.60.8.74
  
      Issued by: DO_NOT_TRUST_FiddlerRoot
  
      Expires:   Fri Nov 15 03:08:08 2024
  
      SHA1 hash: 92BFF91DE7EEF1DD8263CE8DDC2A3CD416DC2A34
  
  
      Issued to: *.cloudflare.com
  
      Issued by: DO_NOT_TRUST_FiddlerRoot
  
      Expires:   Thu Dec 12 05:48:11 2024
  
      SHA1 hash: 92A58CE4AE445D3FAC3C979D7106544719EB11B4
  
  
      Issued to: *.visualstudio.com
  
      Issued by: DO_NOT_TRUST_FiddlerRoot
  
      Expires:   Sat Nov 16 19:44:35 2024
  
      SHA1 hash: 92047917F7233D8D81C76861BE99F1025F2BEB52
  
  
      Issued to: *.sginput.qq.com
  
      Issued by: DO_NOT_TRUST_FiddlerRoot
  
      Expires:   Wed Nov 13 22:25:22 2024
  
      SHA1 hash: 918EAA937678F1A02541B6CD7E74F265743A8626
  
  
      Issued to: *.baidu.com
  
      Issued by: DO_NOT_TRUST_FiddlerRoot
  
      Expires:   Sun Nov 10 22:25:10 2024
  
      SHA1 hash: 91235125622E8F3C4C98969C1A235DCEF9C6BC55
  
  
      Issued to: Adobe Content Certificate 10-6
  
      Issued by: Adobe Intermediate CA 10-4
  
      Expires:   Mon Aug 18 21:20:00 2025
  
      SHA1 hash: 906CC149415780CFB79F39E1CF449F87CA6D4D16
  
  
      Issued to: *.huangye.miui.com
  
      Issued by: DO_NOT_TRUST_FiddlerRoot
  
      Expires:   Sat Nov 09 16:57:55 2024
  
      SHA1 hash: 8FE02333DDE3E43D5BAB5D679BABBC6B9BA32D2E
  
  
      Issued to: *.apis.google.com
  
      Issued by: DO_NOT_TRUST_FiddlerRoot
  
      Expires:   Sat Nov 09 16:57:04 2024
  
      SHA1 hash: 8FBF7DB0FE61ACE9849771380E8C8D550FDE4500
  
  
      Issued to: *.clients.google.com
  
      Issued by: DO_NOT_TRUST_FiddlerRoot
  
      Expires:   Sat Nov 09 16:42:54 2024
  
      SHA1 hash: 8F0518E812162985A8A9AEFC6AC07098255DF0EC
  
  
      Issued to: *.xiaomi.com
  
      Issued by: DO_NOT_TRUST_FiddlerRoot
  
      Expires:   Tue Dec 17 00:19:38 2024
  
      SHA1 hash: 8C9CA85E3A1A1107D36298CC556D6AEB66437AC8
  
  
      Issued to: *.cnblogs.com
  
      Issued by: DO_NOT_TRUST_FiddlerRoot
  
      Expires:   Wed Nov 13 22:23:20 2024
  
      SHA1 hash: 8B5372BC3BC4E293D797E037873C67ED96FEBC89
  
  
      Issued to: *.ucweb.com
  
      Issued by: DO_NOT_TRUST_FiddlerRoot
  
      Expires:   Sat Nov 09 16:35:08 2024
  
      SHA1 hash: 8B46AD698C50C2257156B2F9C594563738D2D99D
  
  
      Issued to: Adobe Intermediate CA 10-19
  
      Issued by: Adobe Root CA 10-3
  
      Expires:   Sun Aug 05 01:38:19 2068
  
      SHA1 hash: 85E2C5B0D9CFF505363FA62A5E8B8C1D76A60B46
  
  
      Issued to: pubminishare-30161.picsz.qpic.cn
  
      Issued by: DO_NOT_TRUST_FiddlerRoot
  
      Expires:   Thu Dec 12 05:45:33 2024
  
      SHA1 hash: 854477786897864328BDFA80AB2CEE6B2CDCB832
  
  
      Issued to: 183.60.8.69
  
      Issued by: DO_NOT_TRUST_FiddlerRoot
  
      Expires:   Fri Nov 15 03:26:37 2024
  
      SHA1 hash: 844D1324EF02F909CF7112300B992CCC297EB9F6
  
  
      Issued to: devpress.csdnimg.cn
  
      Issued by: DO_NOT_TRUST_FiddlerRoot
  
      Expires:   Fri Nov 15 03:13:40 2024
  
      SHA1 hash: 83F36F9CC06D9294B6B8F0AC26A1BB70CB708AE4
  
  
      Issued to: *.nelreports.net
  
      Issued by: DO_NOT_TRUST_FiddlerRoot
  
      Expires:   Wed Nov 13 22:22:32 2024
  
      SHA1 hash: 825E40F506FA4E5BEF599F444EE69D6083AC9AE1
  
  
      Issued to: c2873173-7cb0-40b1-8c87-f2710acafc5e
  
      Issued by: c2873173-7cb0-40b1-8c87-f2710acafc5e
  
      Expires:   Sat Apr 05 18:50:17 2025
  
      SHA1 hash: 8122BE2E207C7E0F6A3DA01A4AAE6D380469D132
  
  
      Issued to: *.lanzov.com
  
      Issued by: DO_NOT_TRUST_FiddlerRoot
  
      Expires:   Thu Dec 12 05:44:37 2024
  
      SHA1 hash: 7F5A6DF66B8D414F10682E1FB8284D04F1E583E2
  
  
      Issued to: 5.28.195.80
  
      Issued by: DO_NOT_TRUST_FiddlerRoot
  
      Expires:   Fri Nov 15 01:46:15 2024
  
      SHA1 hash: 7E7DBE76243A6FFA2F3EBB08D071DC3A7C0F92E0
  
  
      Issued to: sleazyfork.org
  
      Issued by: DO_NOT_TRUST_FiddlerRoot
  
      Expires:   Thu Dec 12 05:44:39 2024
  
      SHA1 hash: 7E06FE594C61923E23915679EB995E1AE1393D3B
  
  
      Issued to: 101.226.142.171
  
      Issued by: DO_NOT_TRUST_FiddlerRoot
  
      Expires:   Fri Nov 15 03:05:50 2024
  
      SHA1 hash: 7DDBAE385A3420CBBB705886BA8EA87418136A26
  
  
      Issued to: *.cdn.office.net
  
      Issued by: DO_NOT_TRUST_FiddlerRoot
  
      Expires:   Sun Nov 10 22:28:51 2024
  
      SHA1 hash: 7C6778C7BC19F6BB5B3D7D0EBEF0658EA30FB391
  
  
      Issued to: *.office365.com
  
      Issued by: DO_NOT_TRUST_FiddlerRoot
  
      Expires:   Fri Nov 15 03:26:27 2024
  
      SHA1 hash: 7907D51A30A12905F98811FB41A6001A96C69714
  
  
      Issued to: *.zijieapi.com
  
      Issued by: DO_NOT_TRUST_FiddlerRoot
  
      Expires:   Fri Nov 15 03:29:35 2024
  
      SHA1 hash: 788B3C37CE6B80F23529C3B0F957BB1B7690001D
  
  
      Issued to: *.ad.xiaomi.com
  
      Issued by: DO_NOT_TRUST_FiddlerRoot
  
      Expires:   Sat Nov 09 16:35:02 2024
  
      SHA1 hash: 72448048774E4EA1B37691AF42BC28C199902B04
  
  
      Issued to: *.account.xiaomi.com
  
      Issued by: DO_NOT_TRUST_FiddlerRoot
  
      Expires:   Sat Nov 09 16:45:02 2024
  
      SHA1 hash: 6CD431A068E8846C649BEE699518160E28FD9F22
  
  
      Issued to: *.volceapplog.com
  
      Issued by: DO_NOT_TRUST_FiddlerRoot
  
      Expires:   Fri Nov 15 03:11:49 2024
  
      SHA1 hash: 6CBF280C381E315F8408CF462DB23EA29718DE96
  
  
      Issued to: *.live.com
  
      Issued by: DO_NOT_TRUST_FiddlerRoot
  
      Expires:   Wed Nov 13 22:12:44 2024
  
      SHA1 hash: 6977EF21D19A8921D9879D900771D4EE1468D027
  
  
      Issued to: Adobe Content Certificate 10-8
  
      Issued by: Adobe Intermediate CA 10-19
  
      Expires:   Mon Aug 05 23:11:25 2030
  
      SHA1 hash: 686DF0A4A89F7CB6BFB4D33C6A48E2EE5FB6C4FB
  
  
      Issued to: *.sys.miui.com
  
      Issued by: DO_NOT_TRUST_FiddlerRoot
  
      Expires:   Tue Dec 17 00:19:37 2024
  
      SHA1 hash: 67CA32E5B90F90FF9BBCC4E9D31820972BEA1A20
  
  
      Issued to: xy180x97x236x12xy.mcdn.bilivideo.cn
  
      Issued by: DO_NOT_TRUST_FiddlerRoot
  
      Expires:   Tue Jan 07 20:47:24 2025
  
      SHA1 hash: 67524F9773FA7187044F9DE7E3FA660E3BC9A88E
  
  
      Issued to: *.pstatp.com
  
      Issued by: DO_NOT_TRUST_FiddlerRoot
  
      Expires:   Wed Nov 13 22:22:35 2024
  
      SHA1 hash: 665E15C68FFC3C7865147A81692620A03BDFB966
  
  
      Issued to: *.alicdn.com
  
      Issued by: DO_NOT_TRUST_FiddlerRoot
  
      Expires:   Fri Nov 15 01:46:14 2024
  
      SHA1 hash: 656182E2E99420842EEE73DBAF93E2C56D5B5F48
  
  
      Issued to: *.azureedge.net
  
      Issued by: DO_NOT_TRUST_FiddlerRoot
  
      Expires:   Thu Dec 12 05:48:39 2024
  
      SHA1 hash: 652926778DCD266204CCFAF52D13913C1B6691ED
  
  
      Issued to: *.a.market.xiaomi.com
  
      Issued by: DO_NOT_TRUST_FiddlerRoot
  
      Expires:   Tue Dec 17 00:19:38 2024
  
      SHA1 hash: 6353972007A989BA53D499D2F1159F1BC5B3E158
  
  
      Issued to: *.telerik.com
  
      Issued by: DO_NOT_TRUST_FiddlerRoot
  
      Expires:   Wed Nov 13 22:23:17 2024
  
      SHA1 hash: 5FE35F8506322F4409D3AAB33E5D94EA5A015ADE
  
  
      Issued to: blog.luckly-mjw.cn
  
      Issued by: DO_NOT_TRUST_FiddlerRoot
  
      Expires:   Fri Nov 15 01:48:42 2024
  
      SHA1 hash: 5EC2A6093BBC8546636A650A96BFCEA60C7EB278
  
  
      Issued to: *.map.qq.com
  
      Issued by: DO_NOT_TRUST_FiddlerRoot
  
      Expires:   Sat Nov 09 16:43:47 2024
  
      SHA1 hash: 5A58CC608B54C02D0C992CFAFA891B444AB5A439
  
  
      Issued to: *.edge.skype.com
  
      Issued by: DO_NOT_TRUST_FiddlerRoot
  
      Expires:   Wed Nov 13 19:19:09 2024
  
      SHA1 hash: 5A11E8DC006ECA048CB78D08CCFAAE8EE61A33B5
  
  
      Issued to: *.eudic.net
  
      Issued by: DO_NOT_TRUST_FiddlerRoot
  
      Expires:   Wed Nov 13 22:12:27 2024
  
      SHA1 hash: 58EAD13C8CE107F9B9F220A812E723F66E5D3424
  
  
      Issued to: *.fp.measure.office.com
  
      Issued by: DO_NOT_TRUST_FiddlerRoot
  
      Expires:   Fri Nov 15 03:26:25 2024
  
      SHA1 hash: 57176574F97938BA505E755C27433D21553BEC9E
  
  
      Issued to: *.video.qq.com
  
      Issued by: DO_NOT_TRUST_FiddlerRoot
  
      Expires:   Sat Nov 09 16:40:31 2024
  
      SHA1 hash: 567EC9C8758BFF0C5320E26A0060A7D200D74877
  
  
      Issued to: *.sf.tlu.dl.delivery.mp.microsoft.com
  
      Issued by: DO_NOT_TRUST_FiddlerRoot
  
      Expires:   Wed Nov 13 19:23:02 2024
  
      SHA1 hash: 565A0D193A10CD8F9D8548FAA62A504AEC3284CC
  
  
      Issued to: *.pandora.xiaomi.com
  
      Issued by: DO_NOT_TRUST_FiddlerRoot
  
      Expires:   Sat Nov 09 16:45:02 2024
  
      SHA1 hash: 564F3D8ED47EFE126FC787D910E46DB0BFA57833
  
  
      Issued to: app.ruanzhai.cn
  
      Issued by: DO_NOT_TRUST_FiddlerRoot
  
      Expires:   Sat Nov 09 16:48:57 2024
  
      SHA1 hash: 54F13244F82CF84E885654848FB653BD823B48CA
  
  
      Issued to: api-prod.qingjiao.art
  
      Issued by: DO_NOT_TRUST_FiddlerRoot
  
      Expires:   Sat Nov 16 19:43:37 2024
  
      SHA1 hash: 541EA408031C0ED2B48C12491613648985075805
  
  
      Issued to: *.aoqiv.com
  
      Issued by: DO_NOT_TRUST_FiddlerRoot
  
      Expires:   Wed Nov 13 22:11:08 2024
  
      SHA1 hash: 5305273D4C4618E15231BE4DA6AF61EF9CAEDB61
  
  
      Issued to: *.csdn.net
  
      Issued by: DO_NOT_TRUST_FiddlerRoot
  
      Expires:   Wed Nov 13 22:22:33 2024
  
      SHA1 hash: 52E0710DFAB97AAA42A75F33BE2B40A41E212E5C
  
  
      Issued to: *.byteimg.com
  
      Issued by: DO_NOT_TRUST_FiddlerRoot
  
      Expires:   Fri Nov 15 03:29:35 2024
  
      SHA1 hash: 52826E36012E86B47216D39E1A8870017694D632
  
  
      Issued to: group.sssama.top
  
      Issued by: DO_NOT_TRUST_FiddlerRoot
  
      Expires:   Thu Dec 12 05:43:55 2024
  
      SHA1 hash: 5157A6D00AE8761B489ABECDA4E7F8B7A837700D
  
  
      Issued to: *.ab.qq.com
  
      Issued by: DO_NOT_TRUST_FiddlerRoot
  
      Expires:   Sat Nov 09 16:40:26 2024
  
      SHA1 hash: 4ED6677A7FB1D3C1D2C148A6C54D8865E5F58C1E
  
  
      Issued to: juejin.cn
  
      Issued by: DO_NOT_TRUST_FiddlerRoot
  
      Expires:   Fri Nov 15 03:29:33 2024
  
      SHA1 hash: 4DE3C5BF903015B0D7B88268C3582887D737876D
  
  
      Issued to: *.wxqcloud.qq.com
  
      Issued by: DO_NOT_TRUST_FiddlerRoot
  
      Expires:   Fri Nov 15 01:45:58 2024
  
      SHA1 hash: 4D8E605C50973DB37185F0E4449F83044C97FACC
  
  
      Issued to: *.vo.msecnd.net
  
      Issued by: DO_NOT_TRUST_FiddlerRoot
  
      Expires:   Wed Nov 13 22:26:20 2024
  
      SHA1 hash: 4D462D56E8AE62736A1AFBE6FE0E4A54BE6B29F7
  
  
      Issued to: 14.116.242.233
  
      Issued by: DO_NOT_TRUST_FiddlerRoot
  
      Expires:   Fri Nov 15 03:06:13 2024
  
      SHA1 hash: 4CB9D255CB75CE347366B9A64A2AB9000C2FBAE8
  
  
      Issued to: 101.226.142.218
  
      Issued by: DO_NOT_TRUST_FiddlerRoot
  
      Expires:   Fri Nov 15 03:05:55 2024
  
      SHA1 hash: 4CA88D2D621026DCB4B166D361729094CE9CA19D
  
  
      Issued to: Adobe Content Certificate 10-7
  
      Issued by: Adobe Intermediate CA 10-15
  
      Expires:   Mon Aug 05 21:48:41 2030
  
      SHA1 hash: 4C7C2E87F0BC79A039D39B05F899A1CC521FDE99
  
  
      Issued to: DO_NOT_TRUST_FiddlerRoot
  
      Issued by: DO_NOT_TRUST_FiddlerRoot
  
      Expires:   Sat Feb 07 16:29:13 2026
  
      SHA1 hash: 4C31503462F442045268AE32CB893151170C8971
  
  
      Issued to: *.gw.postman.com
  
      Issued by: DO_NOT_TRUST_FiddlerRoot
  
      Expires:   Mon Nov 11 23:26:56 2024
  
      SHA1 hash: 4B144DE210FE594F7D627261B1EE487B4F7FE8AE
  
  
      Issued to: 101.91.37.36
  
      Issued by: DO_NOT_TRUST_FiddlerRoot
  
      Expires:   Fri Nov 15 03:05:48 2024
  
      SHA1 hash: 4AB40705368295E9A217488EFF3D642E0306E61C
  
  
      Issued to: safe.mt2.cn
  
      Issued by: DO_NOT_TRUST_FiddlerRoot
  
      Expires:   Sat Nov 09 16:44:09 2024
  
      SHA1 hash: 490E9BD245291A1D5009B0FCD96156E78E2A5479
  
  
      Issued to: *.tbs.qq.com
  
      Issued by: DO_NOT_TRUST_FiddlerRoot
  
      Expires:   Sat Nov 09 16:55:27 2024
  
      SHA1 hash: 48D3895257C80F6F7D0C2D95AA292982B7A6C739
  
  
      Issued to: *.gstatic.com
  
      Issued by: DO_NOT_TRUST_FiddlerRoot
  
      Expires:   Fri Nov 15 03:11:01 2024
  
      SHA1 hash: 48A921C218920B5F56606EF31FEFF66D99E764C5
  
  
      Issued to: mmgame.qpic.cn
  
      Issued by: DO_NOT_TRUST_FiddlerRoot
  
      Expires:   Fri Nov 15 01:46:09 2024
  
      SHA1 hash: 483B8BA1C7ADF043C00FAD921A4EDC593E0C3CD2
  
  
      Issued to: 149.154.167.51
  
      Issued by: DO_NOT_TRUST_FiddlerRoot
  
      Expires:   Fri Nov 15 01:46:21 2024
  
      SHA1 hash: 482B49C4BEE8507236FAE6B9D3481E1DFD9970A2
  
  
      Issued to: *.bytescm.com
  
      Issued by: DO_NOT_TRUST_FiddlerRoot
  
      Expires:   Fri Nov 15 03:29:35 2024
  
      SHA1 hash: 46E44310E8E241BE4314169DFBB42F13278078E1
  
  
      Issued to: 14.116.234.195
  
      Issued by: DO_NOT_TRUST_FiddlerRoot
  
      Expires:   Fri Nov 15 03:06:08 2024
  
      SHA1 hash: 46140A538AA7509082B7D9009B29FC181C38BCE2
  
  
      Issued to: *.msf.3g.qq.com
  
      Issued by: DO_NOT_TRUST_FiddlerRoot
  
      Expires:   Tue Dec 17 00:20:37 2024
  
      SHA1 hash: 455210F6B8B843D42BEE0405F125E1BCCEA08C48
  
  
      Issued to: *.ibytedapm.com
  
      Issued by: DO_NOT_TRUST_FiddlerRoot
  
      Expires:   Fri Nov 15 03:29:34 2024
  
      SHA1 hash: 440FE254A93A0C0A5DA2CE9497F0EE75D31A4060
  
  
      Issued to: www.linkh5.xyz
  
      Issued by: DO_NOT_TRUST_FiddlerRoot
  
      Expires:   Wed Nov 13 19:21:32 2024
  
      SHA1 hash: 42D271DDEC35E8C7EB89DA11F672B40D30A1C17A
  
  
      Issued to: *.storage.live.com
  
      Issued by: DO_NOT_TRUST_FiddlerRoot
  
      Expires:   Wed Nov 13 22:18:48 2024
  
      SHA1 hash: 41C53D91170F56B02BFA9F425CB0AA20C1D66A02
  
  
      Issued to: *.oss-cn-beijing.aliyuncs.com
  
      Issued by: DO_NOT_TRUST_FiddlerRoot
  
      Expires:   Wed Nov 13 19:18:33 2024
  
      SHA1 hash: 4174BFC0EAACA1C8B2249894207C00074DD7C1C2
  
  
      Issued to: *.bilibili.com
  
      Issued by: DO_NOT_TRUST_FiddlerRoot
  
      Expires:   Sun Nov 10 22:29:23 2024
  
      SHA1 hash: 40A57E6684535F16425A0D069BB74D9D406ACE09
  
  
      Issued to: *.chaoxing.com
  
      Issued by: DO_NOT_TRUST_FiddlerRoot
  
      Expires:   Sun Nov 10 22:25:17 2024
  
      SHA1 hash: 40326776C0CA86B65B05143FF1D154529E133F8B
  
  
      Issued to: xy106x111x37x215xy.mcdn.bilivideo.cn
  
      Issued by: DO_NOT_TRUST_FiddlerRoot
  
      Expires:   Fri Nov 15 02:53:25 2024
  
      SHA1 hash: 3E214DEE87D0C45B789B51EF43AF1A633D14DA7D
  
  
      Issued to: *.cloudflareinsights.com
  
      Issued by: DO_NOT_TRUST_FiddlerRoot
  
      Expires:   Sun Nov 10 22:31:47 2024
  
      SHA1 hash: 3DEDEBDE52500E14A02067CAAD86B2F9ABDD12CD
  
  
      Issued to: *.jsdelivr.net
  
      Issued by: DO_NOT_TRUST_FiddlerRoot
  
      Expires:   Fri Nov 15 03:10:59 2024
  
      SHA1 hash: 3D4336A1456F7B012C2F9B82169DAE76762F3B03
  
  
      Issued to: *.qzone.qq.com
  
      Issued by: DO_NOT_TRUST_FiddlerRoot
  
      Expires:   Sat Nov 09 16:48:46 2024
  
      SHA1 hash: 3B7C83B1CAD717DEC83F431D396FCA5FAFEAD9B4
  
  
      Issued to: *.scorecardresearch.com
  
      Issued by: DO_NOT_TRUST_FiddlerRoot
  
      Expires:   Mon Nov 11 23:26:46 2024
  
      SHA1 hash: 3ACD09F86256921CC4555CC677931E150054854F
  
  
      Issued to: *.geetest.com
  
      Issued by: DO_NOT_TRUST_FiddlerRoot
  
      Expires:   Fri Nov 15 02:56:16 2024
  
      SHA1 hash: 36851AD9E35F88D195A66D14EE1B76F6BB5231B7
  
  
      Issued to: *.umengcloud.com
  
      Issued by: DO_NOT_TRUST_FiddlerRoot
  
      Expires:   Tue Dec 17 00:19:50 2024
  
      SHA1 hash: 3552ADB09D54A21496F2D9F22B481856AF497600
  
  
      Issued to: *.bytetcc.com
  
      Issued by: DO_NOT_TRUST_FiddlerRoot
  
      Expires:   Fri Nov 15 03:29:34 2024
  
      SHA1 hash: 34C75E955EA9D24318214C29FBE37F3075600E04
  
  
      Issued to: *.ananas.chaoxing.com
  
      Issued by: DO_NOT_TRUST_FiddlerRoot
  
      Expires:   Sun Nov 10 22:25:17 2024
  
      SHA1 hash: 3407E4B1375BF2215EB30BECB870B88AA91262C1
  
  
      Issued to: *.microsoftonline.com
  
      Issued by: DO_NOT_TRUST_FiddlerRoot
  
      Expires:   Mon Nov 11 23:25:15 2024
  
      SHA1 hash: 33C2FB0BCC3A1A91A3DF155A47172A699D6D5AF4
  
  
      Issued to: *.mobile.qq.com
  
      Issued by: DO_NOT_TRUST_FiddlerRoot
  
      Expires:   Sat Nov 09 16:55:37 2024
  
      SHA1 hash: 32EA5C43ED722F6A147005F3D64476CDBE37C5CF
  
  
      Issued to: *.cloud.bankofchina.com
  
      Issued by: DO_NOT_TRUST_FiddlerRoot
  
      Expires:   Mon Nov 11 23:24:21 2024
  
      SHA1 hash: 32C9846365ED06F03E1CAD89D25F806966B29F70
  
  
      Issued to: *.bytedance.com
  
      Issued by: DO_NOT_TRUST_FiddlerRoot
  
      Expires:   Fri Nov 15 03:29:35 2024
  
      SHA1 hash: 31B18C2DDCDF5AFD96ADC6F6BD7CDCC5422469D1
  
  
      Issued to: jwapp.zkvtc.edu.cn
  
      Issued by: DO_NOT_TRUST_FiddlerRoot
  
      Expires:   Tue Jan 07 20:50:19 2025
  
      SHA1 hash: 3163897E3F507AE6984056042716A1519301D427
  
  
      Issued to: *.office.com
  
      Issued by: DO_NOT_TRUST_FiddlerRoot
  
      Expires:   Sat Nov 09 16:39:03 2024
  
      SHA1 hash: 30A57F894FF76686E7F9E048593E77293C9F872F
  
  
      Issued to: cloudflareinsights.com
  
      Issued by: DO_NOT_TRUST_FiddlerRoot
  
      Expires:   Sun Nov 10 22:31:48 2024
  
      SHA1 hash: 302B356EFB8B54B693E8321FB796022362CFBD16
  
  
      Issued to: *.githubusercontent.com
  
      Issued by: DO_NOT_TRUST_FiddlerRoot
  
      Expires:   Fri Nov 15 03:14:17 2024
  
      SHA1 hash: 2F21D420239A2423024B9AFA861D2308677ADF7D
  
  
      Issued to: *.muketool.com
  
      Issued by: DO_NOT_TRUST_FiddlerRoot
  
      Expires:   Sun Nov 10 22:31:46 2024
  
      SHA1 hash: 2EDFB8F0A6485191980D1CDAEA0F16DDBB7CE5DD
  
  
      Issued to: *.gtimg.com
  
      Issued by: DO_NOT_TRUST_FiddlerRoot
  
      Expires:   Sat Nov 09 16:55:36 2024
  
      SHA1 hash: 2E6B93F1F5743A9BA1453B1AB7FD29556942CDDB
  
  
      Issued to: 118.89.204.198
  
      Issued by: DO_NOT_TRUST_FiddlerRoot
  
      Expires:   Fri Nov 15 03:11:49 2024
  
      SHA1 hash: 2D5B66E77878F37F5A5FB55365A9A9D946EE7366
  
  
      Issued to: *.launchdarkly.com
  
      Issued by: DO_NOT_TRUST_FiddlerRoot
  
      Expires:   Mon Nov 11 23:26:59 2024
  
      SHA1 hash: 2D327AF068EBF2CA8913F7045AB7C60095627C8A
  
  
      Issued to: *.nr-data.net
  
      Issued by: DO_NOT_TRUST_FiddlerRoot
  
      Expires:   Mon Nov 11 23:26:56 2024
  
      SHA1 hash: 2D1B6E3290AE2EE93E84634BA78AF872EB9BA033
  
  
      Issued to: img-home.csdnimg.cn
  
      Issued by: DO_NOT_TRUST_FiddlerRoot
  
      Expires:   Wed Nov 13 22:22:35 2024
  
      SHA1 hash: 2D07BAF9E2A2DDC710B69681FED91B6EC1409FBB
  
  
      Issued to: *.vip.miui.com
  
      Issued by: DO_NOT_TRUST_FiddlerRoot
  
      Expires:   Sat Nov 09 16:35:22 2024
  
      SHA1 hash: 2A8070BFD260876BA05864C0EC465B79E866E20E
  
  
      Issued to: thirdqq.qlogo.cn
  
      Issued by: DO_NOT_TRUST_FiddlerRoot
  
      Expires:   Sat Nov 09 16:55:37 2024
  
      SHA1 hash: 284D60347AF513663FE6E23797FDEE3D3BE45E32
  
  
      Issued to: qzonestyle.gtimg.cn
  
      Issued by: DO_NOT_TRUST_FiddlerRoot
  
      Expires:   Sat Nov 09 16:55:37 2024
  
      SHA1 hash: 274D190E30F8CC743743CAAA287FDCE2BD272F7E
  
  
      Issued to: unpkg.com
  
      Issued by: DO_NOT_TRUST_FiddlerRoot
  
      Expires:   Fri Nov 15 03:11:15 2024
  
      SHA1 hash: 26C23480734C3735FB4395131F9DFC04B56A0083
  
  
      Issued to: *.rqd.qq.com
  
      Issued by: DO_NOT_TRUST_FiddlerRoot
  
      Expires:   Sat Nov 09 16:48:50 2024
  
      SHA1 hash: 25C2CCBCA7E4BC5F31269F93360986ED8CD9409D
  
  
      Issued to: *.in.zhihu.com
  
      Issued by: DO_NOT_TRUST_FiddlerRoot
  
      Expires:   Sat Nov 09 16:36:26 2024
  
      SHA1 hash: 246A49EBAF1E88740517815E64F7F70DECA5C834
  
  
      Issued to: *.tingyun.com
  
      Issued by: DO_NOT_TRUST_FiddlerRoot
  
      Expires:   Wed Nov 13 22:22:59 2024
  
      SHA1 hash: 239F7387723F8DBAE7C65B47FC2C73276F333896
  
  
      Issued to: *.get.sogou.com
  
      Issued by: DO_NOT_TRUST_FiddlerRoot
  
      Expires:   Sat Nov 09 16:45:03 2024
  
      SHA1 hash: 2225C626C8E87F6E745212383CF665C412FFEBC8
  
  
      Issued to: jw.zkvtc.edu.cn
  
      Issued by: DO_NOT_TRUST_FiddlerRoot
  
      Expires:   Tue Jan 07 20:53:37 2025
  
      SHA1 hash: 21B51EF22A7A366188370A4CC1ECF3DE403B0760
  
  
      Issued to: *.bdimg.com
  
      Issued by: DO_NOT_TRUST_FiddlerRoot
  
      Expires:   Wed Nov 13 19:13:04 2024
  
      SHA1 hash: 218A639F7D6D17EC97BA87DA3390659A4965F083
  
  
      Issued to: *.blob.core.windows.net
  
      Issued by: DO_NOT_TRUST_FiddlerRoot
  
      Expires:   Mon Nov 11 23:25:27 2024
  
      SHA1 hash: 20E53181EDFA3C51D085DB415D75D18A8E24D2EC
  
  
      Issued to: ae405d60-2d6c-498b-b947-5e091bba7cfd
  
      Issued by: MS-Organization-Access
  
      Expires:   Sun Nov 27 10:36:01 2033
  
      SHA1 hash: 20B959B50AC6FD709AA9621F4D5FA999A0162AFE
  
  
      Issued to: *.cdn.bcebos.com
  
      Issued by: DO_NOT_TRUST_FiddlerRoot
  
      Expires:   Sun Nov 10 22:25:12 2024
  
      SHA1 hash: 20A32F466A9DCFF5CC81BDCFB3FC2B9B365EDFC9
  
  
      Issued to: *.cooleasy.net
  
      Issued by: DO_NOT_TRUST_FiddlerRoot
  
      Expires:   Wed Nov 13 19:12:51 2024
  
      SHA1 hash: 1FF535EE64D67C633A73EC41F11C12C749C64E06
  
  
      Issued to: api.juejin.cn
  
      Issued by: DO_NOT_TRUST_FiddlerRoot
  
      Expires:   Fri Nov 15 03:29:34 2024
  
      SHA1 hash: 1E1AE3BFC3AA4B976937411EB29B00DAF10982EA
  
  
      Issued to: *.m.qq.com
  
      Issued by: DO_NOT_TRUST_FiddlerRoot
  
      Expires:   Sat Nov 09 16:55:44 2024
  
      SHA1 hash: 1DD3F19A72DB592EA0B6B12E6FDFD9DCF7ED20C4
  
  
      Issued to: open.gtimg.cn
  
      Issued by: DO_NOT_TRUST_FiddlerRoot
  
      Expires:   Thu Dec 12 05:45:33 2024
  
      SHA1 hash: 1C5C675A36ADB48C02A49183A4FE5DAE7F60826A
  
  
      Issued to: *.photo.store.qq.com
  
      Issued by: DO_NOT_TRUST_FiddlerRoot
  
      Expires:   Mon Nov 11 23:26:13 2024
  
      SHA1 hash: 1C40F0666B0315D9A1DC9F3E9BCBD8231D26E399
  
  
      Issued to: *.sandai.net
  
      Issued by: DO_NOT_TRUST_FiddlerRoot
  
      Expires:   Sat Nov 09 16:34:48 2024
  
      SHA1 hash: 1ADDBC2693899A953FA6CDE5E79AF9E9596C9EF8
  
  
      Issued to: *.gr.global.aa-rt.sharepoint.com
  
      Issued by: DO_NOT_TRUST_FiddlerRoot
  
      Expires:   Fri Nov 15 03:26:29 2024
  
      SHA1 hash: 1947008FF22AE2B793C27105C5A2F0A3B26D6CA4
  
  
      Issued to: *.snssdk.com
  
      Issued by: DO_NOT_TRUST_FiddlerRoot
  
      Expires:   Fri Nov 15 03:29:35 2024
  
      SHA1 hash: 18D1BAF274232B9DC7DCFDD2BA5C48DE76A877E0
  
  
      Issued to: *.googleapis.com
  
      Issued by: DO_NOT_TRUST_FiddlerRoot
  
      Expires:   Sat Nov 09 16:34:48 2024
  
      SHA1 hash: 181AA10D42519524B4ABF5FC6AC83CDE07416248
  
  
      Issued to: *.ai.xiaomi.com
  
      Issued by: DO_NOT_TRUST_FiddlerRoot
  
      Expires:   Tue Dec 17 00:19:37 2024
  
      SHA1 hash: 17BEEBD566F61E27A34289D5D45E547DB9BDABDB
  
  
      Issued to: gitcode.net
  
      Issued by: DO_NOT_TRUST_FiddlerRoot
  
      Expires:   Fri Nov 15 03:13:59 2024
  
      SHA1 hash: 17A29005CFAB180E74375F53D6D57B21776A02F8
  
  
      Issued to: api.region-message-bj01.qingjiao.link
  
      Issued by: DO_NOT_TRUST_FiddlerRoot
  
      Expires:   Sat Nov 16 19:46:04 2024
  
      SHA1 hash: 16A3100ADA1C5D663B63A16D10D61DF9191D5D53
  
  
      Issued to: fruit-oos.sssama.top
  
      Issued by: DO_NOT_TRUST_FiddlerRoot
  
      Expires:   Thu Dec 12 05:43:57 2024
  
      SHA1 hash: 133591FA4128ECB7068607983677DB4C9443C8BC
  
  
      Issued to: *.weixin.qq.com
  
      Issued by: DO_NOT_TRUST_FiddlerRoot
  
      Expires:   Wed Nov 13 19:19:17 2024
  
      SHA1 hash: 1329EEFB0A64A479FBAE24603561023C9FAE6FC4
  
  
      Issued to: *.cookielaw.org
  
      Issued by: DO_NOT_TRUST_FiddlerRoot
  
      Expires:   Wed Nov 13 22:23:40 2024
  
      SHA1 hash: 119D67054BAE13A148D2C724FBDFDD4DF5792254
  
  
      Issued to: thirdwx.qlogo.cn
  
      Issued by: DO_NOT_TRUST_FiddlerRoot
  
      Expires:   Fri Nov 15 02:54:10 2024
  
      SHA1 hash: 0FD4CE6122FE1C12CF7300BBC1B6F606CB3B9BCE
  
  
      Issued to: *.duokan.com
  
      Issued by: DO_NOT_TRUST_FiddlerRoot
  
      Expires:   Wed Nov 13 19:13:05 2024
  
      SHA1 hash: 0B24CDFE5E91BB10BF7EC72162E61528C39DB0CF
  
  
      Issued to: *.teams.cdn.office.net
  
      Issued by: DO_NOT_TRUST_FiddlerRoot
  
      Expires:   Fri Nov 15 03:26:31 2024
  
      SHA1 hash: 0ADFBD8F77151BC54086D76FBF5A1D96BDC4F9B4
  
  
      Issued to: *.sharepoint.com
  
      Issued by: DO_NOT_TRUST_FiddlerRoot
  
      Expires:   Wed Nov 13 22:21:53 2024
  
      SHA1 hash: 0ACC7C5729E8367FC8C68B2A8D64FEA5E2600236
  
  
      Issued to: 91.108.56.140
  
      Issued by: DO_NOT_TRUST_FiddlerRoot
  
      Expires:   Fri Nov 15 01:45:57 2024
  
      SHA1 hash: 091BA2670F284BE549C1F3518EBE0F67D0F1E79D
  
  
      Issued to: *.g.mi.com
  
      Issued by: DO_NOT_TRUST_FiddlerRoot
  
      Expires:   Sat Nov 09 16:41:38 2024
  
      SHA1 hash: 08F7C2B421D6B084C93AF5817572A11BBD34BD57
  
  
      Issued to: *.m.jd.com
  
      Issued by: DO_NOT_TRUST_FiddlerRoot
  
      Expires:   Sat Nov 09 16:37:16 2024
  
      SHA1 hash: 083689A7BADDE79606E60F231106BCB91A79BF88
  
  
      Issued to: *.taobao.com
  
      Issued by: DO_NOT_TRUST_FiddlerRoot
  
      Expires:   Sat Nov 09 16:35:02 2024
  
      SHA1 hash: 060F8F8EF0FF6D5153106E60AAF66C2C6DDB2A94
  
  
      Issued to: img.shields.io
  
      Issued by: DO_NOT_TRUST_FiddlerRoot
  
      Expires:   Sun Nov 10 22:31:51 2024
  
      SHA1 hash: 05F6C5CF75352B6FB512C242A896F9DF2C0C19AD
  
  
      Issued to: teams.cloud.microsoft
  
      Issued by: DO_NOT_TRUST_FiddlerRoot
  
      Expires:   Fri Nov 15 03:26:30 2024
  
      SHA1 hash: 04CC7B806DDEAA444AFF2EAFBCA42EF23AA9E4F8
  
  
      Issued to: mcs-bd.feishu.cn
  
      Issued by: DO_NOT_TRUST_FiddlerRoot
  
      Expires:   Mon Nov 11 23:25:45 2024
  
      SHA1 hash: 04B337595A9966591FC8D17231DC1ADAF045570A
  
  
      Issued to: cdn.dcloud.net.cn
  
      Issued by: DO_NOT_TRUST_FiddlerRoot
  
      Expires:   Sat Nov 09 16:57:16 2024
  
      SHA1 hash: 045D120A4A324D9FDA00C3BB31F0B37D76D9BCDA
  
  
      Issued to: *.onedrive.com
  
      Issued by: DO_NOT_TRUST_FiddlerRoot
  
      Expires:   Wed Nov 13 22:18:51 2024
  
      SHA1 hash: 02B8DA26BCAA475B133C2D1E65FDD3ED5A55BF1A
  
  
      Issued to: xy59x63x34x102xy.mcdn.bilivideo.cn
  
      Issued by: DO_NOT_TRUST_FiddlerRoot
  
      Expires:   Fri Nov 15 02:53:24 2024
  
      SHA1 hash: 01F73B754E2B165EB548E9C805990F93049B4C18
  
  
      Issued to: *.umeng.com
  
      Issued by: DO_NOT_TRUST_FiddlerRoot
  
      Expires:   Sat Nov 09 16:44:10 2024
  
      SHA1 hash: 01E4C57005215D0F676B549CC42D63FB39A21912
  
  
      Issued to: *.iot.mi.com
  
      Issued by: DO_NOT_TRUST_FiddlerRoot
  
      Expires:   Tue Dec 17 00:19:37 2024
  
      SHA1 hash: 00B8025CF1FD8D4BBE4D5AF996C2AECA63839EA1
  
  
      Issued to: *.beacon.qq.com
  
      Issued by: DO_NOT_TRUST_FiddlerRoot
  
      Expires:   Sat Nov 09 16:55:37 2024
  
      SHA1 hash: 00250FBC0AC75B3CF834244BAD1B51DF7F5470DC
  
  
  After EKU filter, 10 certs were left.
  After expiry filter, 10 certs were left.
  After Hash filter, 1 certs were left.
  After Private Key filter, 1 certs were left.
  The following certificate was selected:
      Issued to: WDKTestCert tiramisu,133621257030491852
  
      Issued by: WDKTestCert tiramisu,133621257030491852
  
      Expires:   Tue Jun 06 08:00:00 2034
  
      SHA1 hash: CE236A3A0693CEC5C545B20164A4B816E71C6DC4
  
  
  Done Adding Additional Store
  Successfully signed: D:\Project\Github\alice-engine\Cheat Engine\bin\aa64.sys
  
  
  Number of files successfully Signed: 1
  
  Number of warnings: 0
  
  Number of errors: 0
  
